Arguments:
  C:\Program Files\nodejs\node.exe C:\Program Files\nodejs\node_global\node_modules\yarn\bin\yarn.js add ant-design-vue -d

PATH:
  C:\WINDOWS\system32;C:\WINDOWS;C:\WINDOWS\System32\Wbem;C:\WINDOWS\System32\WindowsPowerShell\v1.0\;C:\WINDOWS\System32\OpenSSH\;C:\Program Files\nodejs\;C:\Program Files\Git\cmd;C:\Users\Administrator\AppData\Local\Microsoft\WindowsApps;C:\Users\Administrator\AppData\Local\Programs\Microsoft VS Code\bin;C:\Program Files\nodejs\node_global

Yarn version:
  1.22.17

Node version:
  16.13.2

Platform:
  win32 x64

Trace:
  Error: ENOENT: no such file or directory, copyfile 'C:\Users\Administrator\AppData\Local\Yarn\Cache\v6\npm-ms-2.1.2-d09d1f357b443f493382a8eb3ccd183872ae6009-integrity\node_modules\ms\license.md' -> 'C:\work\pnpm\walui\node_modules\vite-plugin-dts\node_modules\ms\license.md'

npm manifest:
  {
    "name": "walui",
    "version": "1.0.0",
    "description": "",
    "main": "index.js",
    "keywords": [],
    "author": "",
    "license": "ISC",
    "scripts": {
      "build:wal": "gulp -f packages/components/script/build/gulpfile.ts",
      "publish:wal": "gulp -f packages/components/script/publish/gulpfile.ts"
    },
    "devDependencies": {
      "@types/gulp": "^4.0.9",
      "@types/gulp-autoprefixer": "^0.0.33",
      "@types/gulp-less": "^0.0.32",
      "@types/less": "^3.0.3",
      "@vitejs/plugin-vue": "^2.3.3",
      "@vue/compiler-sfc": "^3.2.37",
      "cpy": "^9.0.1",
      "fast-glob": "^3.2.11",
      "gulp": "^4.0.2",
      "gulp-autoprefixer": "^8.0.0",
      "gulp-less": "^5.0.0",
      "less": "^4.1.3",
      "sucrase": "^3.24.0",
      "typescript": "^4.7.4",
      "vite": "^2.9.12",
      "vite-plugin-dts": "^1.2.1",
      "vite-plugin-libcss": "^1.0.5",
      "vue": "^3.2.36"
    }
  }

yarn manifest:
  No manifest

Lockfile:
  No lockfile
